<?xml version="1.0" encoding="UTF-8"?>
<!-- Generated by org.testng.reporters.JUnitReportReporter -->
<testsuite hostname="DESKTOP-EI4D21P" failures="0" tests="1" name="Automation.GTM.Scenario1" time="8.233" errors="0" timestamp="2023-11-01T15:58:03 IST" skipped="0">
  <testcase classname="Automation.GTM.Scenario1" name="launch" time="8.233"/>
  <system-out/>
</testsuite> <!-- Automation.GTM.Scenario1 -->
